<?xml version="1.0" encoding="UTF-8"?>
<!-- Generated by org.testng.reporters.JUnitReportReporter -->
<testsuite hostname="DESKTOP-HFUG0EO" failures="0" tests="1" name="DemoGuru.LogIn" time="127.464" errors="0" timestamp="2022-10-04T19:52:02 IST" skipped="0">
  <testcase classname="DemoGuru.LogIn" name="logIn" time="127.464"/>
  <system-out/>
</testsuite> <!-- DemoGuru.LogIn -->
