<?xml version="1.0" encoding="UTF-8"?>
<!-- Generated by org.testng.reporters.JUnitReportReporter -->
<testsuite hostname="DESKTOP-HFUG0EO" failures="0" tests="1" name="DemoGuru.Register" time="2.293" errors="0" timestamp="2022-10-01T19:29:33 IST" skipped="0">
  <testcase classname="DemoGuru.Register" name="reg" time="2.293"/>
  <system-out/>
</testsuite> <!-- DemoGuru.Register -->
