<?xml version="1.0" encoding="UTF-8"?>
<!-- Generated by org.testng.reporters.JUnitReportReporter -->
<testsuite hostname="DESKTOP-HFUG0EO" failures="0" tests="3" name="demoWebShop.Book_purchase" time="7.018" errors="0" timestamp="2022-10-11T14:39:01 IST" skipped="0">
  <testcase classname="demoWebShop.Book_purchase" name="register" time="1.706"/>
  <system-out/>
  <testcase classname="demoWebShop.Book_purchase" name="logIn" time="2.462"/>
  <system-out/>
  <testcase classname="demoWebShop.Book_purchase" name="addCart" time="2.850"/>
  <system-out/>
</testsuite> <!-- demoWebShop.Book_purchase -->
