<?xml version="1.0" encoding="UTF-8"?>
<!-- Generated by org.testng.reporters.JUnitReportReporter -->
<testsuite hostname="DESKTOP-HFUG0EO" failures="0" tests="2" name="DemoGuru.FlightBooking" time="11.276" errors="0" timestamp="2022-10-05T09:19:08 IST" skipped="0">
  <testcase classname="DemoGuru.FlightBooking" name="register" time="3.400"/>
  <system-out/>
  <testcase classname="DemoGuru.FlightBooking" name="logIn" time="7.876"/>
  <system-out/>
</testsuite> <!-- DemoGuru.FlightBooking -->
