<?xml version="1.0" encoding="UTF-8"?>
<!-- Generated by org.testng.reporters.JUnitReportReporter -->
<testsuite hostname="DESKTOP-HFUG0EO" failures="0" tests="2" name="project.Demo_Shop" time="2.346" errors="0" timestamp="2022-10-12T16:44:44 IST" skipped="1">
  <testcase classname="project.Demo_Shop" name="regis" time="2.346"/>
  <system-out/>
  <testcase classname="project.Demo_Shop" name="changeEmail" time="0.000">
    <skipped/>
  </testcase> <!-- changeEmail -->
  <system-out/>
</testsuite> <!-- project.Demo_Shop -->
